<?xml version="1.0" encoding="UTF-8"?>
<!-- Generated by org.testng.reporters.JUnitReportReporter -->
<testsuite skipped="0" hostname="INWS03011-02" name="com.test.testcases.TC_001" tests="1" failures="0" timestamp="2020-05-09T00:40:21 IST" time="10.511" errors="0">
  <testcase name="search" time="10.511" classname="com.test.testcases.TC_001"/>
  <system-out/>
</testsuite> <!-- com.test.testcases.TC_001 -->
